2026-04-14 02:10:22.737 [main] INFO  com.example.ApplicationKt - Starting ApplicationKt using Java 23.0.1 with PID 37640 (Z:\IdeaProjects\spring-tests-berdnikova\target\classes started by Admin in Z:\IdeaProjects\spring-tests-berdnikova)
2026-04-14 02:10:22.738 [main] INFO  com.example.ApplicationKt - The following 1 profile is active: "db"
2026-04-14 02:10:24.355 [main] INFO  o.s.d.r.c.RepositoryConfigurationDelegate - Bootstrapping Spring Data JPA repositories in DEFAULT mode.
2026-04-14 02:10:24.492 [main] INFO  o.s.d.r.c.RepositoryConfigurationDelegate - Finished Spring Data repository scanning in 125 ms. Found 4 JPA repository interfaces.
2026-04-14 02:10:25.602 [main] INFO  o.s.b.w.e.tomcat.TomcatWebServer - Tomcat initialized with port 8080 (http)
2026-04-14 02:10:25.613 [main] INFO  o.a.coyote.http11.Http11NioProtocol - Initializing ProtocolHandler ["http-nio-8080"]
2026-04-14 02:10:25.615 [main] INFO  o.a.catalina.core.StandardService - Starting service [Tomcat]
2026-04-14 02:10:25.615 [main] INFO  o.a.catalina.core.StandardEngine - Starting Servlet engine: [Apache Tomcat/10.1.18]
2026-04-14 02:10:25.695 [main] INFO  o.a.c.c.C.[Tomcat].[localhost].[/] - Initializing Spring embedded WebApplicationContext
2026-04-14 02:10:25.695 [main] INFO  o.s.b.w.s.c.ServletWebServerApplicationContext - Root WebApplicationContext: initialization completed in 2800 ms
2026-04-14 02:10:25.950 [main] INFO  com.zaxxer.hikari.HikariDataSource - HikariPool-1 - Starting...
2026-04-14 02:10:26.645 [main] INFO  com.zaxxer.hikari.pool.HikariPool - HikariPool-1 - Added connection conn0: url=jdbc:h2:mem:a83117c6-65ad-4b9b-996f-0be7a15d8a80 user=SA
2026-04-14 02:10:26.648 [main] INFO  com.zaxxer.hikari.HikariDataSource - HikariPool-1 - Start completed.
2026-04-14 02:10:27.158 [main] INFO  o.s.o.j.p.SpringPersistenceUnitInfo - No LoadTimeWeaver setup: ignoring JPA class transformer
2026-04-14 02:10:28.292 [main] DEBUG org.hibernate.SQL - drop table if exists dishes cascade 
2026-04-14 02:10:28.297 [main] DEBUG org.hibernate.SQL - drop table if exists order_dishes cascade 
2026-04-14 02:10:28.297 [main] DEBUG org.hibernate.SQL - drop table if exists orders cascade 
2026-04-14 02:10:28.297 [main] DEBUG org.hibernate.SQL - drop table if exists restaurants cascade 
2026-04-14 02:10:28.298 [main] DEBUG org.hibernate.SQL - drop table if exists users cascade 
2026-04-14 02:10:28.304 [main] DEBUG org.hibernate.SQL - create table dishes (is_available boolean not null, price numeric(10,2) not null, id bigint generated by default as identity, restaurant_id bigint not null, description varchar(1000) not null, name varchar(255) not null unique, primary key (id))
2026-04-14 02:10:28.315 [main] DEBUG org.hibernate.SQL - create table order_dishes (dish_id bigint not null, order_id bigint not null)
2026-04-14 02:10:28.316 [main] DEBUG org.hibernate.SQL - create table orders (created_at timestamp(6) not null, id bigint generated by default as identity, user_id bigint not null, status varchar(255) not null check (status in ('PENDING','CONFIRMED','DELIVERED','CANCELLED')), primary key (id))
2026-04-14 02:10:28.321 [main] DEBUG org.hibernate.SQL - create table restaurants (id bigint generated by default as identity, address varchar(255) not null, name varchar(255) not null unique, primary key (id))
2026-04-14 02:10:28.323 [main] DEBUG org.hibernate.SQL - create table users (is_active boolean not null, id bigint generated by default as identity, email varchar(255) not null unique, first_name varchar(255) not null, last_name varchar(255) not null, primary key (id))
2026-04-14 02:10:28.325 [main] DEBUG org.hibernate.SQL - alter table if exists dishes add constraint FKpslsa9mci7gsfhwukb3mx7s6n foreign key (restaurant_id) references restaurants
2026-04-14 02:10:28.336 [main] DEBUG org.hibernate.SQL - alter table if exists order_dishes add constraint FKey1hoe44aqgsnukr2x3x6nxg9 foreign key (dish_id) references dishes
2026-04-14 02:10:28.338 [main] DEBUG org.hibernate.SQL - alter table if exists order_dishes add constraint FK5p8h5knoot59tkjy4x9eh41dt foreign key (order_id) references orders
2026-04-14 02:10:28.340 [main] DEBUG org.hibernate.SQL - alter table if exists orders add constraint FK32ql8ubntj5uh44ph9659tiih foreign key (user_id) references users
2026-04-14 02:10:28.343 [main] INFO  o.s.o.j.LocalContainerEntityManagerFactoryBean - Initialized JPA EntityManagerFactory for persistence unit 'default'
2026-04-14 02:10:29.354 [main] INFO  o.s.d.j.r.query.QueryEnhancerFactory - Hibernate is in classpath; If applicable, HQL parser will be used.
2026-04-14 02:10:30.611 [main] WARN  o.s.b.a.o.j.JpaBaseConfiguration$JpaWebConfiguration - spring.jpa.open-in-view is enabled by default. Therefore, database queries may be performed during view rendering. Explicitly configure spring.jpa.open-in-view to disable this warning
2026-04-14 02:10:31.359 [main] INFO  o.a.coyote.http11.Http11NioProtocol - Starting ProtocolHandler ["http-nio-8080"]
2026-04-14 02:10:31.401 [main] INFO  o.s.b.w.e.tomcat.TomcatWebServer - Tomcat started on port 8080 (http) with context path ''
2026-04-14 02:10:31.423 [main] INFO  com.example.ApplicationKt - Started ApplicationKt in 9.691 seconds (process running for 10.5)
2026-04-14 02:10:41.855 [SpringApplicationShutdownHook] INFO  o.s.o.j.LocalContainerEntityManagerFactoryBean - Closing JPA EntityManagerFactory for persistence unit 'default'
2026-04-14 02:10:41.856 [SpringApplicationShutdownHook] DEBUG org.hibernate.SQL - drop table if exists dishes cascade 
2026-04-14 02:10:41.859 [SpringApplicationShutdownHook] DEBUG org.hibernate.SQL - drop table if exists order_dishes cascade 
2026-04-14 02:10:41.860 [SpringApplicationShutdownHook] DEBUG org.hibernate.SQL - drop table if exists orders cascade 
2026-04-14 02:10:41.861 [SpringApplicationShutdownHook] DEBUG org.hibernate.SQL - drop table if exists restaurants cascade 
2026-04-14 02:10:41.862 [SpringApplicationShutdownHook] DEBUG org.hibernate.SQL - drop table if exists users cascade 
2026-04-14 02:10:41.867 [SpringApplicationShutdownHook] INFO  com.zaxxer.hikari.HikariDataSource - HikariPool-1 - Shutdown initiated...
2026-04-14 02:10:41.869 [SpringApplicationShutdownHook] INFO  com.zaxxer.hikari.HikariDataSource - HikariPool-1 - Shutdown completed.
2026-04-14 02:12:32.045 [main] DEBUG org.hibernate.SQL - alter table if exists dishes drop constraint if exists FKpslsa9mci7gsfhwukb3mx7s6n
2026-04-14 02:12:32.050 [main] WARN  o.h.e.jdbc.spi.SqlExceptionHelper - SQL Warning Code: 0, SQLState: 00000
2026-04-14 02:12:32.050 [main] WARN  o.h.e.jdbc.spi.SqlExceptionHelper - relation "dishes" does not exist, skipping
2026-04-14 02:12:32.050 [main] DEBUG org.hibernate.SQL - alter table if exists order_dishes drop constraint if exists FKey1hoe44aqgsnukr2x3x6nxg9
2026-04-14 02:12:32.052 [main] WARN  o.h.e.jdbc.spi.SqlExceptionHelper - SQL Warning Code: 0, SQLState: 00000
2026-04-14 02:12:32.052 [main] WARN  o.h.e.jdbc.spi.SqlExceptionHelper - relation "order_dishes" does not exist, skipping
2026-04-14 02:12:32.052 [main] DEBUG org.hibernate.SQL - alter table if exists order_dishes drop constraint if exists FK5p8h5knoot59tkjy4x9eh41dt
2026-04-14 02:12:32.053 [main] WARN  o.h.e.jdbc.spi.SqlExceptionHelper - SQL Warning Code: 0, SQLState: 00000
2026-04-14 02:12:32.053 [main] WARN  o.h.e.jdbc.spi.SqlExceptionHelper - relation "order_dishes" does not exist, skipping
2026-04-14 02:12:32.053 [main] DEBUG org.hibernate.SQL - alter table if exists orders drop constraint if exists FK32ql8ubntj5uh44ph9659tiih
2026-04-14 02:12:32.055 [main] WARN  o.h.e.jdbc.spi.SqlExceptionHelper - SQL Warning Code: 0, SQLState: 00000
2026-04-14 02:12:32.055 [main] WARN  o.h.e.jdbc.spi.SqlExceptionHelper - relation "orders" does not exist, skipping
2026-04-14 02:12:32.055 [main] DEBUG org.hibernate.SQL - drop table if exists dishes cascade
2026-04-14 02:12:32.056 [main] WARN  o.h.e.jdbc.spi.SqlExceptionHelper - SQL Warning Code: 0, SQLState: 00000
2026-04-14 02:12:32.056 [main] WARN  o.h.e.jdbc.spi.SqlExceptionHelper - table "dishes" does not exist, skipping
2026-04-14 02:12:32.056 [main] DEBUG org.hibernate.SQL - drop table if exists order_dishes cascade
2026-04-14 02:12:32.058 [main] WARN  o.h.e.jdbc.spi.SqlExceptionHelper - SQL Warning Code: 0, SQLState: 00000
2026-04-14 02:12:32.058 [main] WARN  o.h.e.jdbc.spi.SqlExceptionHelper - table "order_dishes" does not exist, skipping
2026-04-14 02:12:32.058 [main] DEBUG org.hibernate.SQL - drop table if exists orders cascade
2026-04-14 02:12:32.059 [main] WARN  o.h.e.jdbc.spi.SqlExceptionHelper - SQL Warning Code: 0, SQLState: 00000
2026-04-14 02:12:32.059 [main] WARN  o.h.e.jdbc.spi.SqlExceptionHelper - table "orders" does not exist, skipping
2026-04-14 02:12:32.059 [main] DEBUG org.hibernate.SQL - drop table if exists restaurants cascade
2026-04-14 02:12:32.060 [main] WARN  o.h.e.jdbc.spi.SqlExceptionHelper - SQL Warning Code: 0, SQLState: 00000
2026-04-14 02:12:32.060 [main] WARN  o.h.e.jdbc.spi.SqlExceptionHelper - table "restaurants" does not exist, skipping
2026-04-14 02:12:32.060 [main] DEBUG org.hibernate.SQL - drop table if exists users cascade
2026-04-14 02:12:32.062 [main] WARN  o.h.e.jdbc.spi.SqlExceptionHelper - SQL Warning Code: 0, SQLState: 00000
2026-04-14 02:12:32.062 [main] WARN  o.h.e.jdbc.spi.SqlExceptionHelper - table "users" does not exist, skipping
2026-04-14 02:12:32.068 [main] DEBUG org.hibernate.SQL - create table dishes (is_available boolean not null, price numeric(10,2) not null, id bigserial not null, restaurant_id bigint not null, description varchar(1000) not null, name varchar(255) not null unique, primary key (id))
2026-04-14 02:12:32.083 [main] DEBUG org.hibernate.SQL - create table order_dishes (dish_id bigint not null, order_id bigint not null)
2026-04-14 02:12:32.085 [main] DEBUG org.hibernate.SQL - create table orders (created_at timestamp(6) not null, id bigserial not null, user_id bigint not null, status varchar(255) not null check (status in ('PENDING','CONFIRMED','DELIVERED','CANCELLED')), primary key (id))
2026-04-14 02:12:32.092 [main] DEBUG org.hibernate.SQL - create table restaurants (id bigserial not null, address varchar(255) not null, name varchar(255) not null unique, primary key (id))
2026-04-14 02:12:32.099 [main] DEBUG org.hibernate.SQL - create table users (is_active boolean not null, id bigserial not null, email varchar(255) not null unique, first_name varchar(255) not null, last_name varchar(255) not null, primary key (id))
2026-04-14 02:12:32.106 [main] DEBUG org.hibernate.SQL - alter table if exists dishes add constraint FKpslsa9mci7gsfhwukb3mx7s6n foreign key (restaurant_id) references restaurants
2026-04-14 02:12:32.113 [main] DEBUG org.hibernate.SQL - alter table if exists order_dishes add constraint FKey1hoe44aqgsnukr2x3x6nxg9 foreign key (dish_id) references dishes
2026-04-14 02:12:32.116 [main] DEBUG org.hibernate.SQL - alter table if exists order_dishes add constraint FK5p8h5knoot59tkjy4x9eh41dt foreign key (order_id) references orders
2026-04-14 02:12:32.119 [main] DEBUG org.hibernate.SQL - alter table if exists orders add constraint FK32ql8ubntj5uh44ph9659tiih foreign key (user_id) references users
2026-04-14 02:12:34.608 [main] WARN  o.s.b.a.o.j.JpaBaseConfiguration$JpaWebConfiguration - spring.jpa.open-in-view is enabled by default. Therefore, database queries may be performed during view rendering. Explicitly configure spring.jpa.open-in-view to disable this warning
2026-04-14 02:12:36.531 [main] WARN  c.e.i.e.GlobalExceptionHandler - Malformed JSON request: JSON parse error: Instantiation of [simple type, class com.example.infrastructure.dto.requests.restaurant.RestaurantCreateRequest] value failed for JSON property address due to missing (therefore NULL) value for creator parameter address which is a non-nullable type
2026-04-14 02:12:37.939 [main] DEBUG org.hibernate.SQL - select re1_0.id,re1_0.address,re1_0.name from restaurants re1_0 where re1_0.name=?
2026-04-14 02:12:37.984 [main] DEBUG org.hibernate.SQL - insert into restaurants (address,name) values (?,?)
2026-04-14 02:12:38.077 [main] WARN  c.e.i.e.GlobalExceptionHandler - Illegal argument: Restaurant address must not be empty
2026-04-14 02:12:38.122 [main] DEBUG org.hibernate.SQL - select re1_0.id,re1_0.address,re1_0.name from restaurants re1_0 where re1_0.id=?
2026-04-14 02:12:38.131 [main] WARN  c.e.i.e.GlobalExceptionHandler - Restaurant not found: Restaurant with id 999999 not found
2026-04-14 02:12:38.179 [main] DEBUG org.hibernate.SQL - select re1_0.id,re1_0.address,re1_0.name from restaurants re1_0 where re1_0.name=?
2026-04-14 02:12:38.182 [main] DEBUG org.hibernate.SQL - insert into restaurants (address,name) values (?,?)
2026-04-14 02:12:38.203 [main] DEBUG org.hibernate.SQL - select re1_0.id,re1_0.address,re1_0.name from restaurants re1_0 where re1_0.id=?
2026-04-14 02:12:38.215 [main] DEBUG org.hibernate.SQL - select re1_0.id,re1_0.address,re1_0.name from restaurants re1_0 where re1_0.name=?
2026-04-14 02:12:38.230 [main] DEBUG org.hibernate.SQL - update restaurants set address=?,name=? where id=?
2026-04-14 02:12:38.288 [main] DEBUG org.hibernate.SQL - select re1_0.id,re1_0.address,re1_0.name from restaurants re1_0 where re1_0.name=?
2026-04-14 02:12:38.290 [main] DEBUG org.hibernate.SQL - insert into restaurants (address,name) values (?,?)
2026-04-14 02:12:38.309 [main] DEBUG org.hibernate.SQL - select re1_0.id,re1_0.address,re1_0.name from restaurants re1_0 where re1_0.id=?
2026-04-14 02:12:38.361 [main] DEBUG org.hibernate.SQL - select re1_0.id,re1_0.address,re1_0.name from restaurants re1_0 where re1_0.name=?
2026-04-14 02:12:38.363 [main] DEBUG org.hibernate.SQL - insert into restaurants (address,name) values (?,?)
2026-04-14 02:12:38.385 [main] DEBUG org.hibernate.SQL - select re1_0.id,re1_0.address,re1_0.name from restaurants re1_0 where re1_0.id=?
2026-04-14 02:12:38.391 [main] DEBUG org.hibernate.SQL - select re1_0.id,re1_0.address,re1_0.name from restaurants re1_0 where re1_0.name=?
2026-04-14 02:12:38.394 [main] DEBUG org.hibernate.SQL - update restaurants set address=?,name=? where id=?
2026-04-14 02:12:38.450 [main] DEBUG org.hibernate.SQL - select re1_0.id,re1_0.address,re1_0.name from restaurants re1_0
2026-04-14 02:12:38.495 [main] DEBUG org.hibernate.SQL - select re1_0.id,re1_0.address,re1_0.name from restaurants re1_0 where re1_0.id=?
2026-04-14 02:12:38.499 [main] WARN  c.e.i.e.GlobalExceptionHandler - Restaurant not found: Restaurant with id 999999 not found
2026-04-14 02:12:38.516 [main] DEBUG org.hibernate.SQL - select re1_0.id,re1_0.address,re1_0.name from restaurants re1_0 where re1_0.name=?
2026-04-14 02:12:38.518 [main] DEBUG org.hibernate.SQL - insert into restaurants (address,name) values (?,?)
2026-04-14 02:12:38.528 [main] DEBUG org.hibernate.SQL - select re1_0.id,re1_0.address,re1_0.name from restaurants re1_0 where re1_0.name=?
2026-04-14 02:12:38.531 [main] DEBUG org.hibernate.SQL - insert into restaurants (address,name) values (?,?)
2026-04-14 02:12:38.554 [main] DEBUG org.hibernate.SQL - select re1_0.id,re1_0.address,re1_0.name from restaurants re1_0 where re1_0.id=?
2026-04-14 02:12:38.559 [main] DEBUG org.hibernate.SQL - select re1_0.id,re1_0.address,re1_0.name from restaurants re1_0 where re1_0.name=?
2026-04-14 02:12:38.563 [main] WARN  c.e.i.e.GlobalExceptionHandler - Restaurant name already exists: Restaurant with name 'First Restaurant' already exists
2026-04-14 02:12:38.603 [main] DEBUG org.hibernate.SQL - select re1_0.id,re1_0.address,re1_0.name from restaurants re1_0 where re1_0.name=?
2026-04-14 02:12:38.605 [main] DEBUG org.hibernate.SQL - insert into restaurants (address,name) values (?,?)
2026-04-14 02:12:38.626 [main] DEBUG org.hibernate.SQL - select re1_0.id,re1_0.address,re1_0.name from restaurants re1_0 where re1_0.id=?
2026-04-14 02:12:38.675 [main] DEBUG org.hibernate.SQL - select count(*) from restaurants re1_0 where re1_0.id=?
2026-04-14 02:12:38.692 [main] DEBUG org.hibernate.SQL - select de1_0.id,de1_0.description,de1_0.is_available,de1_0.name,de1_0.price,de1_0.restaurant_id from dishes de1_0 left join restaurants r1_0 on r1_0.id=de1_0.restaurant_id where r1_0.id=?
2026-04-14 02:12:38.709 [main] DEBUG org.hibernate.SQL - select d1_0.restaurant_id,d1_0.id,d1_0.description,d1_0.is_available,d1_0.name,d1_0.price from dishes d1_0 where d1_0.restaurant_id=?
2026-04-14 02:12:38.718 [main] DEBUG org.hibernate.SQL - delete from restaurants where id=?
2026-04-14 02:12:38.735 [main] DEBUG org.hibernate.SQL - select re1_0.id,re1_0.address,re1_0.name from restaurants re1_0 where re1_0.id=?
2026-04-14 02:12:38.738 [main] WARN  c.e.i.e.GlobalExceptionHandler - Restaurant not found: Restaurant with id 1 not found
2026-04-14 02:12:38.755 [main] DEBUG org.hibernate.SQL - select re1_0.id,re1_0.address,re1_0.name from restaurants re1_0 where re1_0.name=?
2026-04-14 02:12:38.757 [main] DEBUG org.hibernate.SQL - insert into restaurants (address,name) values (?,?)
2026-04-14 02:12:38.766 [main] DEBUG org.hibernate.SQL - select re1_0.id,re1_0.address,re1_0.name from restaurants re1_0 where re1_0.name=?
2026-04-14 02:12:38.769 [main] DEBUG org.hibernate.SQL - insert into restaurants (address,name) values (?,?)
2026-04-14 02:12:38.779 [main] DEBUG org.hibernate.SQL - select re1_0.id,re1_0.address,re1_0.name from restaurants re1_0
2026-04-14 02:12:38.885 [main] DEBUG org.hibernate.SQL - select re1_0.id,re1_0.address,re1_0.name from restaurants re1_0 where re1_0.name=?
2026-04-14 02:12:38.887 [main] DEBUG org.hibernate.SQL - insert into restaurants (address,name) values (?,?)
2026-04-14 02:12:38.906 [main] WARN  c.e.i.e.GlobalExceptionHandler - Illegal argument: Restaurant name must not be empty
2026-04-14 02:12:38.933 [main] DEBUG org.hibernate.SQL - select re1_0.id,re1_0.address,re1_0.name from restaurants re1_0 where re1_0.name=?
2026-04-14 02:12:38.936 [main] DEBUG org.hibernate.SQL - insert into restaurants (address,name) values (?,?)
2026-04-14 02:12:38.958 [main] DEBUG org.hibernate.SQL - select re1_0.id,re1_0.address,re1_0.name from restaurants re1_0 where re1_0.id=?
2026-04-14 02:12:38.963 [main] DEBUG org.hibernate.SQL - select de1_0.id,de1_0.description,de1_0.is_available,de1_0.name,de1_0.price,de1_0.restaurant_id from dishes de1_0 left join restaurants r1_0 on r1_0.id=de1_0.restaurant_id where r1_0.id=?
2026-04-14 02:12:39.104 [main] DEBUG org.hibernate.SQL - select re1_0.id,re1_0.address,re1_0.name from restaurants re1_0 where re1_0.id=?
2026-04-14 02:12:39.108 [main] WARN  c.e.i.e.GlobalExceptionHandler - Restaurant not found: Restaurant with id 999999 not found
2026-04-14 02:12:39.130 [main] DEBUG org.hibernate.SQL - select re1_0.id,re1_0.address,re1_0.name from restaurants re1_0 where re1_0.name=?
2026-04-14 02:12:39.132 [main] DEBUG org.hibernate.SQL - insert into restaurants (address,name) values (?,?)
2026-04-14 02:12:39.157 [main] DEBUG org.hibernate.SQL - select re1_0.id,re1_0.address,re1_0.name from restaurants re1_0 where re1_0.id=?
2026-04-14 02:12:39.163 [main] DEBUG org.hibernate.SQL - select re1_0.id,re1_0.address,re1_0.name from restaurants re1_0 where re1_0.name=?
2026-04-14 02:12:39.166 [main] DEBUG org.hibernate.SQL - update restaurants set address=?,name=? where id=?
2026-04-14 02:12:39.223 [main] DEBUG org.hibernate.SQL - select re1_0.id,re1_0.address,re1_0.name from restaurants re1_0 where re1_0.name=?
2026-04-14 02:12:39.225 [main] DEBUG org.hibernate.SQL - insert into restaurants (address,name) values (?,?)
2026-04-14 02:12:39.274 [main] WARN  c.e.i.e.GlobalExceptionHandler - Malformed JSON request: JSON parse error: Instantiation of [simple type, class com.example.infrastructure.dto.requests.restaurant.RestaurantCreateRequest] value failed for JSON property name due to missing (therefore NULL) value for creator parameter name which is a non-nullable type
2026-04-14 02:12:39.298 [main] DEBUG org.hibernate.SQL - select re1_0.id,re1_0.address,re1_0.name from restaurants re1_0 where re1_0.id=?
2026-04-14 02:12:39.301 [main] WARN  c.e.i.e.GlobalExceptionHandler - Restaurant not found: Restaurant with id 999999 not found
2026-04-14 02:12:40.116 [SpringApplicationShutdownHook] DEBUG org.hibernate.SQL - alter table if exists dishes drop constraint if exists FKpslsa9mci7gsfhwukb3mx7s6n
2026-04-14 02:12:40.121 [SpringApplicationShutdownHook] WARN  com.zaxxer.hikari.pool.PoolBase - HikariPool-1 - Failed to validate connection org.postgresql.jdbc.PgConnection@734fbcce (Соединение уже было закрыто). Possibly consider using a shorter maxLifetime value.
2026-04-14 02:12:40.127 [SpringApplicationShutdownHook] WARN  com.zaxxer.hikari.pool.PoolBase - HikariPool-1 - Failed to validate connection org.postgresql.jdbc.PgConnection@526be64b (Соединение уже было закрыто). Possibly consider using a shorter maxLifetime value.
2026-04-14 02:12:40.129 [SpringApplicationShutdownHook] WARN  com.zaxxer.hikari.pool.PoolBase - HikariPool-1 - Failed to validate connection org.postgresql.jdbc.PgConnection@5ccc9904 (Соединение уже было закрыто). Possibly consider using a shorter maxLifetime value.
2026-04-14 02:12:40.130 [SpringApplicationShutdownHook] WARN  com.zaxxer.hikari.pool.PoolBase - HikariPool-1 - Failed to validate connection org.postgresql.jdbc.PgConnection@34924218 (Соединение уже было закрыто). Possibly consider using a shorter maxLifetime value.
2026-04-14 02:12:40.141 [SpringApplicationShutdownHook] WARN  com.zaxxer.hikari.pool.PoolBase - HikariPool-1 - Failed to validate connection org.postgresql.jdbc.PgConnection@41f39cf (Соединение уже было закрыто). Possibly consider using a shorter maxLifetime value.
2026-04-14 02:12:40.161 [SpringApplicationShutdownHook] WARN  com.zaxxer.hikari.pool.PoolBase - HikariPool-1 - Failed to validate connection org.postgresql.jdbc.PgConnection@9cbdeb9 (Соединение уже было закрыто). Possibly consider using a shorter maxLifetime value.
2026-04-14 02:12:40.168 [SpringApplicationShutdownHook] WARN  com.zaxxer.hikari.pool.PoolBase - HikariPool-1 - Failed to validate connection org.postgresql.jdbc.PgConnection@3177723d (Соединение уже было закрыто). Possibly consider using a shorter maxLifetime value.
2026-04-14 02:12:40.169 [SpringApplicationShutdownHook] WARN  com.zaxxer.hikari.pool.PoolBase - HikariPool-1 - Failed to validate connection org.postgresql.jdbc.PgConnection@17d37489 (Соединение уже было закрыто). Possibly consider using a shorter maxLifetime value.
2026-04-14 02:12:40.172 [SpringApplicationShutdownHook] WARN  com.zaxxer.hikari.pool.PoolBase - HikariPool-1 - Failed to validate connection org.postgresql.jdbc.PgConnection@6affe6fd (Соединение уже было закрыто). Possibly consider using a shorter maxLifetime value.
2026-04-14 02:12:40.174 [SpringApplicationShutdownHook] WARN  com.zaxxer.hikari.pool.PoolBase - HikariPool-1 - Failed to validate connection org.postgresql.jdbc.PgConnection@3d16d30d (Соединение уже было закрыто). Possibly consider using a shorter maxLifetime value.
2026-04-14 02:13:10.123 [SpringApplicationShutdownHook] WARN  o.h.e.jdbc.spi.SqlExceptionHelper - SQL Error: 0, SQLState: 08001
2026-04-14 02:13:10.123 [SpringApplicationShutdownHook] ERROR o.h.e.jdbc.spi.SqlExceptionHelper - HikariPool-1 - Connection is not available, request timed out after 30003ms.
2026-04-14 02:13:10.123 [SpringApplicationShutdownHook] ERROR o.h.e.jdbc.spi.SqlExceptionHelper - Подсоединение по адресу localhost:62109 отклонено. Проверьте что хост и порт указаны правильно и что postmaster принимает TCP/IP-подсоединения.
2026-04-14 02:13:10.126 [SpringApplicationShutdownHook] WARN  o.s.b.f.s.DisposableBeanAdapter - Invocation of destroy method failed on bean with name 'entityManagerFactory': org.hibernate.exception.JDBCConnectionException: Unable to open JDBC Connection for DDL execution [HikariPool-1 - Connection is not available, request timed out after 30003ms.] [n/a]
2026-04-14 02:16:35.347 [main] DEBUG org.hibernate.SQL - alter table if exists dishes drop constraint if exists FKpslsa9mci7gsfhwukb3mx7s6n
2026-04-14 02:16:35.353 [main] WARN  o.h.e.jdbc.spi.SqlExceptionHelper - SQL Warning Code: 0, SQLState: 00000
2026-04-14 02:16:35.353 [main] WARN  o.h.e.jdbc.spi.SqlExceptionHelper - relation "dishes" does not exist, skipping
2026-04-14 02:16:35.353 [main] DEBUG org.hibernate.SQL - alter table if exists order_dishes drop constraint if exists FKey1hoe44aqgsnukr2x3x6nxg9
2026-04-14 02:16:35.356 [main] WARN  o.h.e.jdbc.spi.SqlExceptionHelper - SQL Warning Code: 0, SQLState: 00000
2026-04-14 02:16:35.356 [main] WARN  o.h.e.jdbc.spi.SqlExceptionHelper - relation "order_dishes" does not exist, skipping
2026-04-14 02:16:35.356 [main] DEBUG org.hibernate.SQL - alter table if exists order_dishes drop constraint if exists FK5p8h5knoot59tkjy4x9eh41dt
2026-04-14 02:16:35.357 [main] WARN  o.h.e.jdbc.spi.SqlExceptionHelper - SQL Warning Code: 0, SQLState: 00000
2026-04-14 02:16:35.357 [main] WARN  o.h.e.jdbc.spi.SqlExceptionHelper - relation "order_dishes" does not exist, skipping
2026-04-14 02:16:35.357 [main] DEBUG org.hibernate.SQL - alter table if exists orders drop constraint if exists FK32ql8ubntj5uh44ph9659tiih
2026-04-14 02:16:35.360 [main] WARN  o.h.e.jdbc.spi.SqlExceptionHelper - SQL Warning Code: 0, SQLState: 00000
2026-04-14 02:16:35.360 [main] WARN  o.h.e.jdbc.spi.SqlExceptionHelper - relation "orders" does not exist, skipping
2026-04-14 02:16:35.360 [main] DEBUG org.hibernate.SQL - drop table if exists dishes cascade
2026-04-14 02:16:35.362 [main] WARN  o.h.e.jdbc.spi.SqlExceptionHelper - SQL Warning Code: 0, SQLState: 00000
2026-04-14 02:16:35.362 [main] WARN  o.h.e.jdbc.spi.SqlExceptionHelper - table "dishes" does not exist, skipping
2026-04-14 02:16:35.362 [main] DEBUG org.hibernate.SQL - drop table if exists order_dishes cascade
2026-04-14 02:16:35.363 [main] WARN  o.h.e.jdbc.spi.SqlExceptionHelper - SQL Warning Code: 0, SQLState: 00000
2026-04-14 02:16:35.363 [main] WARN  o.h.e.jdbc.spi.SqlExceptionHelper - table "order_dishes" does not exist, skipping
2026-04-14 02:16:35.363 [main] DEBUG org.hibernate.SQL - drop table if exists orders cascade
2026-04-14 02:16:35.365 [main] WARN  o.h.e.jdbc.spi.SqlExceptionHelper - SQL Warning Code: 0, SQLState: 00000
2026-04-14 02:16:35.365 [main] WARN  o.h.e.jdbc.spi.SqlExceptionHelper - table "orders" does not exist, skipping
2026-04-14 02:16:35.365 [main] DEBUG org.hibernate.SQL - drop table if exists restaurants cascade
2026-04-14 02:16:35.367 [main] WARN  o.h.e.jdbc.spi.SqlExceptionHelper - SQL Warning Code: 0, SQLState: 00000
2026-04-14 02:16:35.367 [main] WARN  o.h.e.jdbc.spi.SqlExceptionHelper - table "restaurants" does not exist, skipping
2026-04-14 02:16:35.367 [main] DEBUG org.hibernate.SQL - drop table if exists users cascade
2026-04-14 02:16:35.370 [main] WARN  o.h.e.jdbc.spi.SqlExceptionHelper - SQL Warning Code: 0, SQLState: 00000
2026-04-14 02:16:35.370 [main] WARN  o.h.e.jdbc.spi.SqlExceptionHelper - table "users" does not exist, skipping
2026-04-14 02:16:35.378 [main] DEBUG org.hibernate.SQL - create table dishes (is_available boolean not null, price numeric(10,2) not null, id bigserial not null, restaurant_id bigint not null, description varchar(1000) not null, name varchar(255) not null unique, primary key (id))
2026-04-14 02:16:35.393 [main] DEBUG org.hibernate.SQL - create table order_dishes (dish_id bigint not null, order_id bigint not null)
2026-04-14 02:16:35.395 [main] DEBUG org.hibernate.SQL - create table orders (created_at timestamp(6) not null, id bigserial not null, user_id bigint not null, status varchar(255) not null check (status in ('PENDING','CONFIRMED','DELIVERED','CANCELLED')), primary key (id))
2026-04-14 02:16:35.404 [main] DEBUG org.hibernate.SQL - create table restaurants (id bigserial not null, address varchar(255) not null, name varchar(255) not null unique, primary key (id))
2026-04-14 02:16:35.411 [main] DEBUG org.hibernate.SQL - create table users (is_active boolean not null, id bigserial not null, email varchar(255) not null unique, first_name varchar(255) not null, last_name varchar(255) not null, primary key (id))
2026-04-14 02:16:35.419 [main] DEBUG org.hibernate.SQL - alter table if exists dishes add constraint FKpslsa9mci7gsfhwukb3mx7s6n foreign key (restaurant_id) references restaurants
2026-04-14 02:16:35.427 [main] DEBUG org.hibernate.SQL - alter table if exists order_dishes add constraint FKey1hoe44aqgsnukr2x3x6nxg9 foreign key (dish_id) references dishes
2026-04-14 02:16:35.437 [main] DEBUG org.hibernate.SQL - alter table if exists order_dishes add constraint FK5p8h5knoot59tkjy4x9eh41dt foreign key (order_id) references orders
2026-04-14 02:16:35.441 [main] DEBUG org.hibernate.SQL - alter table if exists orders add constraint FK32ql8ubntj5uh44ph9659tiih foreign key (user_id) references users
2026-04-14 02:16:38.106 [main] WARN  o.s.b.a.o.j.JpaBaseConfiguration$JpaWebConfiguration - spring.jpa.open-in-view is enabled by default. Therefore, database queries may be performed during view rendering. Explicitly configure spring.jpa.open-in-view to disable this warning
2026-04-14 02:16:40.011 [main] DEBUG org.hibernate.SQL - select re1_0.id,re1_0.address,re1_0.name from restaurants re1_0 where re1_0.name=?
2026-04-14 02:16:40.078 [main] DEBUG org.hibernate.SQL - insert into restaurants (address,name) values (?,?)
2026-04-14 02:16:41.519 [main] WARN  c.e.i.e.GlobalExceptionHandler - Illegal argument: Restaurant address must not be empty
2026-04-14 02:16:41.643 [main] DEBUG org.hibernate.SQL - select re1_0.id,re1_0.address,re1_0.name from restaurants re1_0 where re1_0.name=?
2026-04-14 02:16:41.646 [main] DEBUG org.hibernate.SQL - insert into restaurants (address,name) values (?,?)
2026-04-14 02:16:41.693 [main] DEBUG org.hibernate.SQL - select re1_0.id,re1_0.address,re1_0.name from restaurants re1_0 where re1_0.id=?
2026-04-14 02:16:41.710 [main] DEBUG org.hibernate.SQL - select re1_0.id,re1_0.address,re1_0.name from restaurants re1_0 where re1_0.name=?
2026-04-14 02:16:41.726 [main] DEBUG org.hibernate.SQL - update restaurants set address=?,name=? where id=?
2026-04-14 02:16:41.790 [main] DEBUG org.hibernate.SQL - select re1_0.id,re1_0.address,re1_0.name from restaurants re1_0 where re1_0.name=?
2026-04-14 02:16:41.793 [main] DEBUG org.hibernate.SQL - insert into restaurants (address,name) values (?,?)
2026-04-14 02:16:41.817 [main] DEBUG org.hibernate.SQL - select re1_0.id,re1_0.address,re1_0.name from restaurants re1_0 where re1_0.id=?
2026-04-14 02:16:41.828 [main] DEBUG org.hibernate.SQL - select de1_0.id,de1_0.description,de1_0.is_available,de1_0.name,de1_0.price,de1_0.restaurant_id from dishes de1_0 left join restaurants r1_0 on r1_0.id=de1_0.restaurant_id where r1_0.id=?
2026-04-14 02:16:41.899 [main] DEBUG org.hibernate.SQL - select re1_0.id,re1_0.address,re1_0.name from restaurants re1_0 where re1_0.name=?
2026-04-14 02:16:41.903 [main] DEBUG org.hibernate.SQL - insert into restaurants (address,name) values (?,?)
2026-04-14 02:16:41.931 [main] DEBUG org.hibernate.SQL - select re1_0.id,re1_0.address,re1_0.name from restaurants re1_0 where re1_0.id=?
2026-04-14 02:16:41.937 [main] DEBUG org.hibernate.SQL - select re1_0.id,re1_0.address,re1_0.name from restaurants re1_0 where re1_0.name=?
2026-04-14 02:16:41.941 [main] DEBUG org.hibernate.SQL - update restaurants set address=?,name=? where id=?
2026-04-14 02:16:42.010 [main] DEBUG org.hibernate.SQL - select re1_0.id,re1_0.address,re1_0.name from restaurants re1_0 where re1_0.name=?
2026-04-14 02:16:42.013 [main] DEBUG org.hibernate.SQL - insert into restaurants (address,name) values (?,?)
2026-04-14 02:16:42.034 [main] DEBUG org.hibernate.SQL - select re1_0.id,re1_0.address,re1_0.name from restaurants re1_0 where re1_0.id=?
2026-04-14 02:16:42.105 [main] DEBUG org.hibernate.SQL - select count(*) from restaurants re1_0 where re1_0.id=?
2026-04-14 02:16:42.112 [main] DEBUG org.hibernate.SQL - select de1_0.id,de1_0.description,de1_0.is_available,de1_0.name,de1_0.price,de1_0.restaurant_id from dishes de1_0 left join restaurants r1_0 on r1_0.id=de1_0.restaurant_id where r1_0.id=?
2026-04-14 02:16:42.126 [main] DEBUG org.hibernate.SQL - select d1_0.restaurant_id,d1_0.id,d1_0.description,d1_0.is_available,d1_0.name,d1_0.price from dishes d1_0 where d1_0.restaurant_id=?
2026-04-14 02:16:42.139 [main] DEBUG org.hibernate.SQL - delete from restaurants where id=?
2026-04-14 02:16:42.162 [main] DEBUG org.hibernate.SQL - select re1_0.id,re1_0.address,re1_0.name from restaurants re1_0 where re1_0.id=?
2026-04-14 02:16:42.167 [main] WARN  c.e.i.e.GlobalExceptionHandler - Restaurant not found: Restaurant with id 1 not found
2026-04-14 02:16:42.204 [main] WARN  c.e.i.e.GlobalExceptionHandler - Malformed JSON request: JSON parse error: Instantiation of [simple type, class com.example.infrastructure.dto.requests.restaurant.RestaurantCreateRequest] value failed for JSON property name due to missing (therefore NULL) value for creator parameter name which is a non-nullable type
2026-04-14 02:16:42.239 [main] DEBUG org.hibernate.SQL - select re1_0.id,re1_0.address,re1_0.name from restaurants re1_0
2026-04-14 02:16:42.270 [main] DEBUG org.hibernate.SQL - select re1_0.id,re1_0.address,re1_0.name from restaurants re1_0 where re1_0.name=?
2026-04-14 02:16:42.273 [main] DEBUG org.hibernate.SQL - insert into restaurants (address,name) values (?,?)
2026-04-14 02:16:42.296 [main] WARN  c.e.i.e.GlobalExceptionHandler - Illegal argument: Restaurant name must not be empty
2026-04-14 02:16:42.324 [main] DEBUG org.hibernate.SQL - select re1_0.id,re1_0.address,re1_0.name from restaurants re1_0 where re1_0.name=?
2026-04-14 02:16:42.326 [main] DEBUG org.hibernate.SQL - insert into restaurants (address,name) values (?,?)
2026-04-14 02:16:42.337 [main] DEBUG org.hibernate.SQL - select re1_0.id,re1_0.address,re1_0.name from restaurants re1_0 where re1_0.name=?
2026-04-14 02:16:42.340 [main] DEBUG org.hibernate.SQL - insert into restaurants (address,name) values (?,?)
2026-04-14 02:16:42.355 [main] DEBUG org.hibernate.SQL - select re1_0.id,re1_0.address,re1_0.name from restaurants re1_0
2026-04-14 02:16:42.483 [main] DEBUG org.hibernate.SQL - select re1_0.id,re1_0.address,re1_0.name from restaurants re1_0 where re1_0.id=?
2026-04-14 02:16:42.489 [main] WARN  c.e.i.e.GlobalExceptionHandler - Restaurant not found: Restaurant with id 999999 not found
2026-04-14 02:16:42.516 [main] DEBUG org.hibernate.SQL - select re1_0.id,re1_0.address,re1_0.name from restaurants re1_0 where re1_0.name=?
2026-04-14 02:16:42.521 [main] DEBUG org.hibernate.SQL - insert into restaurants (address,name) values (?,?)
2026-04-14 02:16:42.534 [main] DEBUG org.hibernate.SQL - select re1_0.id,re1_0.address,re1_0.name from restaurants re1_0 where re1_0.name=?
2026-04-14 02:16:42.537 [main] DEBUG org.hibernate.SQL - insert into restaurants (address,name) values (?,?)
2026-04-14 02:16:42.569 [main] DEBUG org.hibernate.SQL - select re1_0.id,re1_0.address,re1_0.name from restaurants re1_0 where re1_0.id=?
2026-04-14 02:16:42.575 [main] DEBUG org.hibernate.SQL - select re1_0.id,re1_0.address,re1_0.name from restaurants re1_0 where re1_0.name=?
2026-04-14 02:16:42.580 [main] WARN  c.e.i.e.GlobalExceptionHandler - Restaurant name already exists: Restaurant with name 'First Restaurant' already exists
2026-04-14 02:16:42.622 [main] WARN  c.e.i.e.GlobalExceptionHandler - Malformed JSON request: JSON parse error: Instantiation of [simple type, class com.example.infrastructure.dto.requests.restaurant.RestaurantCreateRequest] value failed for JSON property address due to missing (therefore NULL) value for creator parameter address which is a non-nullable type
2026-04-14 02:16:42.653 [main] DEBUG org.hibernate.SQL - select re1_0.id,re1_0.address,re1_0.name from restaurants re1_0 where re1_0.id=?
2026-04-14 02:16:42.657 [main] WARN  c.e.i.e.GlobalExceptionHandler - Restaurant not found: Restaurant with id 999999 not found
2026-04-14 02:16:42.754 [main] DEBUG org.hibernate.SQL - select re1_0.id,re1_0.address,re1_0.name from restaurants re1_0 where re1_0.id=?
2026-04-14 02:16:42.757 [main] WARN  c.e.i.e.GlobalExceptionHandler - Restaurant not found: Restaurant with id 999999 not found
2026-04-14 02:16:42.772 [main] DEBUG org.hibernate.SQL - select re1_0.id,re1_0.address,re1_0.name from restaurants re1_0 where re1_0.name=?
2026-04-14 02:16:42.775 [main] DEBUG org.hibernate.SQL - insert into restaurants (address,name) values (?,?)
2026-04-14 02:16:42.822 [main] DEBUG org.hibernate.SQL - select re1_0.id,re1_0.address,re1_0.name from restaurants re1_0 where re1_0.id=?
2026-04-14 02:16:42.825 [main] WARN  c.e.i.e.GlobalExceptionHandler - Restaurant not found: Restaurant with id 999999 not found
2026-04-14 02:16:42.859 [main] DEBUG org.hibernate.SQL - select re1_0.id,re1_0.address,re1_0.name from restaurants re1_0 where re1_0.name=?
2026-04-14 02:16:42.861 [main] DEBUG org.hibernate.SQL - insert into restaurants (address,name) values (?,?)
2026-04-14 02:16:42.884 [main] DEBUG org.hibernate.SQL - select re1_0.id,re1_0.address,re1_0.name from restaurants re1_0 where re1_0.id=?
2026-04-14 02:16:42.967 [main] DEBUG org.hibernate.SQL - select re1_0.id,re1_0.address,re1_0.name from restaurants re1_0 where re1_0.name=?
2026-04-14 02:16:42.971 [main] DEBUG org.hibernate.SQL - insert into restaurants (address,name) values (?,?)
2026-04-14 02:16:43.029 [main] DEBUG org.hibernate.SQL - select re1_0.id,re1_0.address,re1_0.name from restaurants re1_0 where re1_0.id=?
2026-04-14 02:16:43.037 [main] DEBUG org.hibernate.SQL - select re1_0.id,re1_0.address,re1_0.name from restaurants re1_0 where re1_0.name=?
2026-04-14 02:16:43.043 [main] DEBUG org.hibernate.SQL - update restaurants set address=?,name=? where id=?
2026-04-14 02:16:43.823 [SpringApplicationShutdownHook] DEBUG org.hibernate.SQL - alter table if exists dishes drop constraint if exists FKpslsa9mci7gsfhwukb3mx7s6n
2026-04-14 02:16:43.824 [SpringApplicationShutdownHook] WARN  com.zaxxer.hikari.pool.PoolBase - HikariPool-1 - Failed to validate connection org.postgresql.jdbc.PgConnection@35ca9129 (Соединение уже было закрыто). Possibly consider using a shorter maxLifetime value.
2026-04-14 02:16:43.825 [SpringApplicationShutdownHook] WARN  com.zaxxer.hikari.pool.PoolBase - HikariPool-1 - Failed to validate connection org.postgresql.jdbc.PgConnection@70c16bd2 (Соединение уже было закрыто). Possibly consider using a shorter maxLifetime value.
2026-04-14 02:16:43.826 [SpringApplicationShutdownHook] WARN  com.zaxxer.hikari.pool.PoolBase - HikariPool-1 - Failed to validate connection org.postgresql.jdbc.PgConnection@11e3ff3a (Соединение уже было закрыто). Possibly consider using a shorter maxLifetime value.
2026-04-14 02:16:43.827 [SpringApplicationShutdownHook] WARN  com.zaxxer.hikari.pool.PoolBase - HikariPool-1 - Failed to validate connection org.postgresql.jdbc.PgConnection@34a5429d (Соединение уже было закрыто). Possibly consider using a shorter maxLifetime value.
2026-04-14 02:16:43.828 [SpringApplicationShutdownHook] WARN  com.zaxxer.hikari.pool.PoolBase - HikariPool-1 - Failed to validate connection org.postgresql.jdbc.PgConnection@7cf4e9ac (Соединение уже было закрыто). Possibly consider using a shorter maxLifetime value.
2026-04-14 02:16:43.828 [SpringApplicationShutdownHook] WARN  com.zaxxer.hikari.pool.PoolBase - HikariPool-1 - Failed to validate connection org.postgresql.jdbc.PgConnection@710821b (Соединение уже было закрыто). Possibly consider using a shorter maxLifetime value.
2026-04-14 02:16:43.829 [SpringApplicationShutdownHook] WARN  com.zaxxer.hikari.pool.PoolBase - HikariPool-1 - Failed to validate connection org.postgresql.jdbc.PgConnection@904b7ec (Соединение уже было закрыто). Possibly consider using a shorter maxLifetime value.
2026-04-14 02:16:43.829 [SpringApplicationShutdownHook] WARN  com.zaxxer.hikari.pool.PoolBase - HikariPool-1 - Failed to validate connection org.postgresql.jdbc.PgConnection@172badfb (Соединение уже было закрыто). Possibly consider using a shorter maxLifetime value.
2026-04-14 02:16:43.831 [SpringApplicationShutdownHook] WARN  com.zaxxer.hikari.pool.PoolBase - HikariPool-1 - Failed to validate connection org.postgresql.jdbc.PgConnection@4c498f3b (Соединение уже было закрыто). Possibly consider using a shorter maxLifetime value.
2026-04-14 02:16:43.832 [SpringApplicationShutdownHook] WARN  com.zaxxer.hikari.pool.PoolBase - HikariPool-1 - Failed to validate connection org.postgresql.jdbc.PgConnection@4fcadcf3 (Соединение уже было закрыто). Possibly consider using a shorter maxLifetime value.
2026-04-14 02:17:13.835 [SpringApplicationShutdownHook] WARN  o.h.e.jdbc.spi.SqlExceptionHelper - SQL Error: 0, SQLState: 08001
2026-04-14 02:17:13.835 [SpringApplicationShutdownHook] ERROR o.h.e.jdbc.spi.SqlExceptionHelper - HikariPool-1 - Connection is not available, request timed out after 30009ms.
2026-04-14 02:17:13.835 [SpringApplicationShutdownHook] ERROR o.h.e.jdbc.spi.SqlExceptionHelper - Подсоединение по адресу localhost:62402 отклонено. Проверьте что хост и порт указаны правильно и что postmaster принимает TCP/IP-подсоединения.
2026-04-14 02:17:13.837 [SpringApplicationShutdownHook] WARN  o.s.b.f.s.DisposableBeanAdapter - Invocation of destroy method failed on bean with name 'entityManagerFactory': org.hibernate.exception.JDBCConnectionException: Unable to open JDBC Connection for DDL execution [HikariPool-1 - Connection is not available, request timed out after 30009ms.] [n/a]
